<?xml version="1.0" encoding="UTF-8"?>
<coverage generated="1534163910741" clover="3.2.0">
  <project timestamp="1534163910741" name="All files">
    <metrics statements="182" coveredstatements="113" conditionals="44" coveredconditionals="22" methods="43" coveredmethods="19" elements="269" coveredelements="154" complexity="0" loc="182" ncloc="182" packages="3" files="5" classes="5">
      <package name="api_training">
        <metrics statements="18" coveredstatements="18" conditionals="2" coveredconditionals="1" methods="2" coveredmethods="2"/>
        <file name="knexfile.js" path="D:\shivani\19-7-2018\api_training\knexfile.js">
          <metrics statements="1" coveredstatements="1" conditionals="0" coveredconditionals="0" methods="0" coveredmethods="0"/>
          <line num="3" count="1" type="stmt"/>
        </file>
        <file name="server.js" path="D:\shivani\19-7-2018\api_training\server.js">
          <metrics statements="17" coveredstatements="17" conditionals="2" coveredconditionals="1" methods="2" coveredmethods="2"/>
          <line num="1" count="1" type="stmt"/>
          <line num="2" count="1" type="stmt"/>
          <line num="3" count="1" type="stmt"/>
          <line num="4" count="1" type="stmt"/>
          <line num="5" count="1" type="stmt"/>
          <line num="7" count="1" type="cond" truecount="1" falsecount="1"/>
          <line num="9" count="1" type="stmt"/>
          <line num="10" count="1" type="stmt"/>
          <line num="12" count="1" type="stmt"/>
          <line num="13" count="1" type="stmt"/>
          <line num="15" count="1" type="stmt"/>
          <line num="17" count="1" type="stmt"/>
          <line num="19" count="1" type="stmt"/>
          <line num="20" count="1" type="stmt"/>
          <line num="23" count="1" type="stmt"/>
          <line num="24" count="1" type="stmt"/>
          <line num="29" count="1" type="stmt"/>
        </file>
      </package>
      <package name="api_training.apis.users">
        <metrics statements="126" coveredstatements="80" conditionals="36" coveredconditionals="20" methods="30" coveredmethods="15"/>
        <file name="user.js" path="D:\shivani\19-7-2018\api_training\apis\users\user.js">
          <metrics statements="5" coveredstatements="5" conditionals="0" coveredconditionals="0" methods="0" coveredmethods="0"/>
          <line num="1" count="1" type="stmt"/>
          <line num="2" count="1" type="stmt"/>
          <line num="3" count="1" type="stmt"/>
          <line num="5" count="1" type="stmt"/>
          <line num="9" count="1" type="stmt"/>
        </file>
        <file name="users_controller.js" path="D:\shivani\19-7-2018\api_training\apis\users\users_controller.js">
          <metrics statements="121" coveredstatements="75" conditionals="36" coveredconditionals="20" methods="30" coveredmethods="15"/>
          <line num="1" count="1" type="stmt"/>
          <line num="2" count="1" type="stmt"/>
          <line num="3" count="1" type="stmt"/>
          <line num="4" count="1" type="stmt"/>
          <line num="5" count="1" type="stmt"/>
          <line num="6" count="1" type="stmt"/>
          <line num="7" count="1" type="stmt"/>
          <line num="8" count="1" type="stmt"/>
          <line num="9" count="1" type="stmt"/>
          <line num="11" count="1" type="stmt"/>
          <line num="21" count="1" type="stmt"/>
          <line num="22" count="1" type="cond" truecount="3" falsecount="1"/>
          <line num="23" count="0" type="stmt"/>
          <line num="31" count="1" type="stmt"/>
          <line num="32" count="1" type="cond" truecount="1" falsecount="1"/>
          <line num="33" count="1" type="stmt"/>
          <line num="36" count="0" type="stmt"/>
          <line num="37" count="0" type="stmt"/>
          <line num="38" count="0" type="stmt"/>
          <line num="39" count="0" type="stmt"/>
          <line num="44" count="0" type="stmt"/>
          <line num="46" count="0" type="stmt"/>
          <line num="52" count="0" type="stmt"/>
          <line num="53" count="0" type="cond" truecount="0" falsecount="2"/>
          <line num="54" count="0" type="stmt"/>
          <line num="56" count="0" type="stmt"/>
          <line num="59" count="0" type="stmt"/>
          <line num="65" count="0" type="stmt"/>
          <line num="71" count="0" type="stmt"/>
          <line num="81" count="1" type="stmt"/>
          <line num="82" count="3" type="cond" truecount="3" falsecount="1"/>
          <line num="83" count="3" type="stmt"/>
          <line num="84" count="3" type="stmt"/>
          <line num="86" count="3" type="stmt"/>
          <line num="87" count="3" type="cond" truecount="2" falsecount="0"/>
          <line num="88" count="1" type="stmt"/>
          <line num="107" count="3" type="cond" truecount="2" falsecount="0"/>
          <line num="108" count="1" type="stmt"/>
          <line num="109" count="1" type="stmt"/>
          <line num="111" count="1" type="stmt"/>
          <line num="112" count="1" type="stmt"/>
          <line num="114" count="0" type="stmt"/>
          <line num="118" count="1" type="stmt"/>
          <line num="121" count="1" type="stmt"/>
          <line num="127" count="1" type="stmt"/>
          <line num="128" count="0" type="stmt"/>
          <line num="132" count="1" type="stmt"/>
          <line num="133" count="0" type="stmt"/>
          <line num="134" count="0" type="stmt"/>
          <line num="138" count="1" type="stmt"/>
          <line num="140" count="1" type="stmt"/>
          <line num="141" count="0" type="stmt"/>
          <line num="147" count="1" type="stmt"/>
          <line num="148" count="0" type="stmt"/>
          <line num="151" count="1" type="stmt"/>
          <line num="152" count="1" type="stmt"/>
          <line num="153" count="1" type="stmt"/>
          <line num="154" count="1" type="stmt"/>
          <line num="155" count="1" type="stmt"/>
          <line num="159" count="0" type="stmt"/>
          <line num="160" count="0" type="stmt"/>
          <line num="162" count="0" type="cond" truecount="0" falsecount="2"/>
          <line num="163" count="0" type="stmt"/>
          <line num="164" count="0" type="stmt"/>
          <line num="165" count="0" type="stmt"/>
          <line num="166" count="0" type="stmt"/>
          <line num="167" count="0" type="stmt"/>
          <line num="168" count="0" type="stmt"/>
          <line num="173" count="0" type="stmt"/>
          <line num="174" count="0" type="cond" truecount="0" falsecount="2"/>
          <line num="175" count="0" type="stmt"/>
          <line num="179" count="0" type="stmt"/>
          <line num="180" count="0" type="stmt"/>
          <line num="186" count="0" type="stmt"/>
          <line num="187" count="0" type="cond" truecount="0" falsecount="2"/>
          <line num="188" count="0" type="stmt"/>
          <line num="190" count="0" type="stmt"/>
          <line num="193" count="0" type="stmt"/>
          <line num="203" count="0" type="stmt"/>
          <line num="209" count="2" type="stmt"/>
          <line num="210" count="2" type="stmt"/>
          <line num="212" count="2" type="cond" truecount="1" falsecount="1"/>
          <line num="213" count="2" type="stmt"/>
          <line num="215" count="2" type="stmt"/>
          <line num="216" count="2" type="stmt"/>
          <line num="217" count="2" type="stmt"/>
          <line num="218" count="2" type="stmt"/>
          <line num="219" count="2" type="stmt"/>
          <line num="220" count="2" type="stmt"/>
          <line num="222" count="2" type="stmt"/>
          <line num="223" count="2" type="cond" truecount="2" falsecount="0"/>
          <line num="224" count="1" type="stmt"/>
          <line num="225" count="1" type="stmt"/>
          <line num="233" count="1" type="stmt"/>
          <line num="241" count="0" type="stmt"/>
          <line num="247" count="2" type="stmt"/>
          <line num="248" count="2" type="stmt"/>
          <line num="250" count="2" type="cond" truecount="1" falsecount="1"/>
          <line num="251" count="2" type="stmt"/>
          <line num="253" count="2" type="stmt"/>
          <line num="254" count="2" type="cond" truecount="1" falsecount="1"/>
          <line num="255" count="0" type="stmt"/>
          <line num="256" count="0" type="stmt"/>
          <line num="260" count="2" type="stmt"/>
          <line num="265" count="0" type="stmt"/>
          <line num="271" count="1" type="stmt"/>
          <line num="272" count="1" type="stmt"/>
          <line num="274" count="1" type="cond" truecount="1" falsecount="1"/>
          <line num="275" count="1" type="stmt"/>
          <line num="276" count="1" type="stmt"/>
          <line num="280" count="0" type="stmt"/>
          <line num="286" count="2" type="stmt"/>
          <line num="287" count="2" type="stmt"/>
          <line num="289" count="2" type="cond" truecount="1" falsecount="1"/>
          <line num="290" count="2" type="stmt"/>
          <line num="291" count="2" type="stmt"/>
          <line num="292" count="2" type="cond" truecount="2" falsecount="0"/>
          <line num="293" count="1" type="stmt"/>
          <line num="296" count="1" type="stmt"/>
          <line num="301" count="0" type="stmt"/>
          <line num="306" count="1" type="stmt"/>
        </file>
      </package>
      <package name="api_training.middleware">
        <metrics statements="38" coveredstatements="15" conditionals="6" coveredconditionals="1" methods="11" coveredmethods="2"/>
        <file name="auth.js" path="D:\shivani\19-7-2018\api_training\middleware\auth.js">
          <metrics statements="38" coveredstatements="15" conditionals="6" coveredconditionals="1" methods="11" coveredmethods="2"/>
          <line num="1" count="1" type="stmt"/>
          <line num="2" count="1" type="stmt"/>
          <line num="3" count="1" type="stmt"/>
          <line num="4" count="1" type="stmt"/>
          <line num="5" count="1" type="stmt"/>
          <line num="7" count="1" type="stmt"/>
          <line num="8" count="1" type="stmt"/>
          <line num="9" count="1" type="stmt"/>
          <line num="10" count="1" type="stmt"/>
          <line num="13" count="1" type="stmt"/>
          <line num="15" count="7" type="stmt"/>
          <line num="16" count="7" type="cond" truecount="1" falsecount="1"/>
          <line num="17" count="0" type="stmt"/>
          <line num="19" count="7" type="stmt"/>
          <line num="23" count="0" type="stmt"/>
          <line num="30" count="1" type="stmt"/>
          <line num="36" count="0" type="stmt"/>
          <line num="38" count="0" type="cond" truecount="0" falsecount="2"/>
          <line num="40" count="0" type="stmt"/>
          <line num="41" count="0" type="stmt"/>
          <line num="42" count="0" type="stmt"/>
          <line num="44" count="0" type="stmt"/>
          <line num="48" count="0" type="stmt"/>
          <line num="51" count="0" type="stmt"/>
          <line num="52" count="0" type="stmt"/>
          <line num="53" count="0" type="stmt"/>
          <line num="54" count="0" type="stmt"/>
          <line num="55" count="0" type="stmt"/>
          <line num="56" count="0" type="stmt"/>
          <line num="57" count="0" type="stmt"/>
          <line num="59" count="0" type="stmt"/>
          <line num="60" count="0" type="cond" truecount="0" falsecount="2"/>
          <line num="61" count="0" type="stmt"/>
          <line num="62" count="0" type="stmt"/>
          <line num="68" count="0" type="stmt"/>
          <line num="70" count="0" type="stmt"/>
          <line num="77" count="0" type="stmt"/>
          <line num="82" count="1" type="stmt"/>
        </file>
      </package>
    </metrics>
  </project>
</coverage>
