<?xml version="1.0" encoding="UTF-8"?>
<coverage generated="1534243734177" clover="3.2.0">
  <project timestamp="1534243734177" name="All files">
    <metrics statements="183" coveredstatements="141" conditionals="44" coveredconditionals="26" methods="44" coveredmethods="27" elements="271" coveredelements="194" complexity="0" loc="183" ncloc="183" packages="3" files="5" classes="5">
      <package name="api_training">
        <metrics statements="22" coveredstatements="22" conditionals="2" coveredconditionals="1" methods="3" coveredmethods="3"/>
        <file name="knexfile.js" path="D:\shivani\19-7-2018\api_training\knexfile.js">
          <metrics statements="1" coveredstatements="1" conditionals="0" coveredconditionals="0" methods="0" coveredmethods="0"/>
          <line num="3" count="1" type="stmt"/>
        </file>
        <file name="server.js" path="D:\shivani\19-7-2018\api_training\server.js">
          <metrics statements="21" coveredstatements="21" conditionals="2" coveredconditionals="1" methods="3" coveredmethods="3"/>
          <line num="1" count="1" type="stmt"/>
          <line num="2" count="1" type="stmt"/>
          <line num="3" count="1" type="stmt"/>
          <line num="4" count="1" type="stmt"/>
          <line num="5" count="1" type="stmt"/>
          <line num="7" count="1" type="cond" truecount="1" falsecount="1"/>
          <line num="9" count="1" type="stmt"/>
          <line num="10" count="1" type="stmt"/>
          <line num="11" count="1" type="stmt"/>
          <line num="12" count="18" type="stmt"/>
          <line num="13" count="18" type="stmt"/>
          <line num="14" count="18" type="stmt"/>
          <line num="17" count="1" type="stmt"/>
          <line num="18" count="1" type="stmt"/>
          <line num="20" count="1" type="stmt"/>
          <line num="22" count="1" type="stmt"/>
          <line num="24" count="1" type="stmt"/>
          <line num="25" count="1" type="stmt"/>
          <line num="28" count="1" type="stmt"/>
          <line num="29" count="1" type="stmt"/>
          <line num="34" count="1" type="stmt"/>
        </file>
      </package>
      <package name="api_training.apis.users">
        <metrics statements="124" coveredstatements="105" conditionals="36" coveredconditionals="24" methods="30" coveredmethods="22"/>
        <file name="user.js" path="D:\shivani\19-7-2018\api_training\apis\users\user.js">
          <metrics statements="5" coveredstatements="5" conditionals="0" coveredconditionals="0" methods="0" coveredmethods="0"/>
          <line num="1" count="1" type="stmt"/>
          <line num="2" count="1" type="stmt"/>
          <line num="3" count="1" type="stmt"/>
          <line num="5" count="1" type="stmt"/>
          <line num="9" count="1" type="stmt"/>
        </file>
        <file name="users_controller.js" path="D:\shivani\19-7-2018\api_training\apis\users\users_controller.js">
          <metrics statements="119" coveredstatements="100" conditionals="36" coveredconditionals="24" methods="30" coveredmethods="22"/>
          <line num="1" count="1" type="stmt"/>
          <line num="2" count="1" type="stmt"/>
          <line num="3" count="1" type="stmt"/>
          <line num="4" count="1" type="stmt"/>
          <line num="5" count="1" type="stmt"/>
          <line num="6" count="1" type="stmt"/>
          <line num="7" count="1" type="stmt"/>
          <line num="8" count="1" type="stmt"/>
          <line num="9" count="1" type="stmt"/>
          <line num="11" count="1" type="stmt"/>
          <line num="21" count="1" type="stmt"/>
          <line num="22" count="1" type="cond" truecount="3" falsecount="1"/>
          <line num="23" count="0" type="stmt"/>
          <line num="31" count="1" type="stmt"/>
          <line num="32" count="1" type="cond" truecount="1" falsecount="1"/>
          <line num="33" count="0" type="stmt"/>
          <line num="36" count="1" type="stmt"/>
          <line num="37" count="1" type="stmt"/>
          <line num="38" count="1" type="stmt"/>
          <line num="39" count="1" type="stmt"/>
          <line num="44" count="1" type="stmt"/>
          <line num="46" count="1" type="stmt"/>
          <line num="52" count="1" type="stmt"/>
          <line num="53" count="1" type="cond" truecount="1" falsecount="1"/>
          <line num="54" count="0" type="stmt"/>
          <line num="59" count="1" type="stmt"/>
          <line num="68" count="0" type="stmt"/>
          <line num="74" count="0" type="stmt"/>
          <line num="84" count="1" type="stmt"/>
          <line num="85" count="3" type="cond" truecount="3" falsecount="1"/>
          <line num="86" count="3" type="stmt"/>
          <line num="87" count="3" type="stmt"/>
          <line num="89" count="3" type="stmt"/>
          <line num="90" count="3" type="cond" truecount="2" falsecount="0"/>
          <line num="91" count="2" type="stmt"/>
          <line num="93" count="3" type="cond" truecount="1" falsecount="1"/>
          <line num="94" count="1" type="stmt"/>
          <line num="95" count="1" type="stmt"/>
          <line num="97" count="1" type="stmt"/>
          <line num="98" count="1" type="stmt"/>
          <line num="100" count="0" type="stmt"/>
          <line num="104" count="0" type="stmt"/>
          <line num="107" count="2" type="stmt"/>
          <line num="113" count="1" type="stmt"/>
          <line num="114" count="0" type="stmt"/>
          <line num="118" count="1" type="stmt"/>
          <line num="119" count="0" type="stmt"/>
          <line num="120" count="0" type="stmt"/>
          <line num="124" count="1" type="stmt"/>
          <line num="126" count="1" type="stmt"/>
          <line num="127" count="0" type="stmt"/>
          <line num="133" count="1" type="stmt"/>
          <line num="134" count="0" type="stmt"/>
          <line num="137" count="1" type="stmt"/>
          <line num="138" count="1" type="stmt"/>
          <line num="139" count="1" type="stmt"/>
          <line num="140" count="1" type="stmt"/>
          <line num="141" count="1" type="stmt"/>
          <line num="145" count="2" type="stmt"/>
          <line num="146" count="2" type="stmt"/>
          <line num="148" count="2" type="cond" truecount="1" falsecount="1"/>
          <line num="149" count="2" type="stmt"/>
          <line num="150" count="2" type="stmt"/>
          <line num="151" count="2" type="stmt"/>
          <line num="152" count="2" type="stmt"/>
          <line num="153" count="2" type="stmt"/>
          <line num="154" count="2" type="stmt"/>
          <line num="159" count="2" type="stmt"/>
          <line num="160" count="2" type="cond" truecount="2" falsecount="0"/>
          <line num="161" count="1" type="stmt"/>
          <line num="165" count="1" type="stmt"/>
          <line num="166" count="1" type="stmt"/>
          <line num="172" count="1" type="stmt"/>
          <line num="173" count="1" type="cond" truecount="1" falsecount="1"/>
          <line num="174" count="0" type="stmt"/>
          <line num="179" count="1" type="stmt"/>
          <line num="192" count="0" type="stmt"/>
          <line num="198" count="2" type="stmt"/>
          <line num="199" count="2" type="stmt"/>
          <line num="201" count="2" type="cond" truecount="1" falsecount="1"/>
          <line num="202" count="2" type="stmt"/>
          <line num="204" count="2" type="stmt"/>
          <line num="205" count="2" type="stmt"/>
          <line num="206" count="2" type="stmt"/>
          <line num="207" count="2" type="stmt"/>
          <line num="208" count="2" type="stmt"/>
          <line num="209" count="2" type="stmt"/>
          <line num="211" count="2" type="stmt"/>
          <line num="212" count="2" type="cond" truecount="2" falsecount="0"/>
          <line num="213" count="1" type="stmt"/>
          <line num="214" count="1" type="stmt"/>
          <line num="222" count="1" type="stmt"/>
          <line num="230" count="0" type="stmt"/>
          <line num="236" count="2" type="stmt"/>
          <line num="237" count="2" type="stmt"/>
          <line num="239" count="2" type="cond" truecount="1" falsecount="1"/>
          <line num="240" count="2" type="stmt"/>
          <line num="242" count="2" type="stmt"/>
          <line num="243" count="2" type="cond" truecount="2" falsecount="0"/>
          <line num="244" count="1" type="stmt"/>
          <line num="245" count="1" type="stmt"/>
          <line num="249" count="1" type="stmt"/>
          <line num="254" count="0" type="stmt"/>
          <line num="260" count="1" type="stmt"/>
          <line num="261" count="1" type="stmt"/>
          <line num="263" count="1" type="cond" truecount="1" falsecount="1"/>
          <line num="264" count="1" type="stmt"/>
          <line num="265" count="1" type="stmt"/>
          <line num="269" count="0" type="stmt"/>
          <line num="275" count="2" type="stmt"/>
          <line num="276" count="2" type="stmt"/>
          <line num="278" count="2" type="cond" truecount="1" falsecount="1"/>
          <line num="279" count="2" type="stmt"/>
          <line num="280" count="2" type="stmt"/>
          <line num="281" count="2" type="cond" truecount="1" falsecount="1"/>
          <line num="282" count="0" type="stmt"/>
          <line num="285" count="2" type="stmt"/>
          <line num="290" count="0" type="stmt"/>
          <line num="295" count="1" type="stmt"/>
        </file>
      </package>
      <package name="api_training.middleware">
        <metrics statements="37" coveredstatements="14" conditionals="6" coveredconditionals="1" methods="11" coveredmethods="2"/>
        <file name="auth.js" path="D:\shivani\19-7-2018\api_training\middleware\auth.js">
          <metrics statements="37" coveredstatements="14" conditionals="6" coveredconditionals="1" methods="11" coveredmethods="2"/>
          <line num="1" count="1" type="stmt"/>
          <line num="2" count="1" type="stmt"/>
          <line num="3" count="1" type="stmt"/>
          <line num="4" count="1" type="stmt"/>
          <line num="5" count="1" type="stmt"/>
          <line num="7" count="1" type="stmt"/>
          <line num="8" count="1" type="stmt"/>
          <line num="9" count="1" type="stmt"/>
          <line num="13" count="1" type="stmt"/>
          <line num="14" count="9" type="stmt"/>
          <line num="15" count="9" type="cond" truecount="1" falsecount="1"/>
          <line num="16" count="0" type="stmt"/>
          <line num="18" count="9" type="stmt"/>
          <line num="22" count="0" type="stmt"/>
          <line num="29" count="1" type="stmt"/>
          <line num="35" count="0" type="stmt"/>
          <line num="37" count="0" type="cond" truecount="0" falsecount="2"/>
          <line num="39" count="0" type="stmt"/>
          <line num="40" count="0" type="stmt"/>
          <line num="41" count="0" type="stmt"/>
          <line num="43" count="0" type="stmt"/>
          <line num="47" count="0" type="stmt"/>
          <line num="50" count="0" type="stmt"/>
          <line num="51" count="0" type="stmt"/>
          <line num="52" count="0" type="stmt"/>
          <line num="53" count="0" type="stmt"/>
          <line num="54" count="0" type="stmt"/>
          <line num="55" count="0" type="stmt"/>
          <line num="56" count="0" type="stmt"/>
          <line num="58" count="0" type="stmt"/>
          <line num="59" count="0" type="cond" truecount="0" falsecount="2"/>
          <line num="60" count="0" type="stmt"/>
          <line num="61" count="0" type="stmt"/>
          <line num="66" count="0" type="stmt"/>
          <line num="69" count="0" type="stmt"/>
          <line num="75" count="0" type="stmt"/>
          <line num="80" count="1" type="stmt"/>
        </file>
      </package>
    </metrics>
  </project>
</coverage>
