{"D:\\shivani\\19-7-2018\\api_training\\knexfile.js": {"path":"D:\\shivani\\19-7-2018\\api_training\\knexfile.js","statementMap":{"0":{"start":{"line":3,"column":0},"end":{"line":54,"column":2}}},"fnMap":{},"branchMap":{},"s":{"0":1},"f":{},"b":{},"_coverageSchema":"332fd63041d2c1bcb487cc26dd0d5f7d97098a6c","hash":"1dc9339f1227cde6f10c4997f8529345dc81f55c"}
,"D:\\shivani\\19-7-2018\\api_training\\server.js": {"path":"D:\\shivani\\19-7-2018\\api_training\\server.js","statementMap":{"0":{"start":{"line":1,"column":16},"end":{"line":1,"column":34}},"1":{"start":{"line":2,"column":12},"end":{"line":2,"column":21}},"2":{"start":{"line":3,"column":17},"end":{"line":3,"column":36}},"3":{"start":{"line":4,"column":19},"end":{"line":4,"column":41}},"4":{"start":{"line":5,"column":0},"end":{"line":5,"column":27}},"5":{"start":{"line":7,"column":11},"end":{"line":7,"column":35}},"6":{"start":{"line":9,"column":0},"end":{"line":9,"column":52}},"7":{"start":{"line":10,"column":0},"end":{"line":10,"column":55}},"8":{"start":{"line":12,"column":0},"end":{"line":12,"column":31}},"9":{"start":{"line":13,"column":0},"end":{"line":13,"column":28}},"10":{"start":{"line":15,"column":23},"end":{"line":15,"column":66}},"11":{"start":{"line":17,"column":0},"end":{"line":17,"column":33}},"12":{"start":{"line":19,"column":0},"end":{"line":21,"column":3}},"13":{"start":{"line":20,"column":4},"end":{"line":20,"column":44}},"14":{"start":{"line":23,"column":0},"end":{"line":25,"column":3}},"15":{"start":{"line":24,"column":4},"end":{"line":24,"column":44}},"16":{"start":{"line":29,"column":0},"end":{"line":29,"column":21}}},"fnMap":{"0":{"name":"(anonymous_0)","decl":{"start":{"line":19,"column":13},"end":{"line":19,"column":14}},"loc":{"start":{"line":19,"column":33},"end":{"line":21,"column":1}},"line":19},"1":{"name":"(anonymous_1)","decl":{"start":{"line":23,"column":17},"end":{"line":23,"column":18}},"loc":{"start":{"line":23,"column":29},"end":{"line":25,"column":1}},"line":23}},"branchMap":{"0":{"loc":{"start":{"line":7,"column":11},"end":{"line":7,"column":35}},"type":"binary-expr","locations":[{"start":{"line":7,"column":11},"end":{"line":7,"column":27}},{"start":{"line":7,"column":31},"end":{"line":7,"column":35}}],"line":7}},"s":{"0":1,"1":1,"2":1,"3":1,"4":1,"5":1,"6":1,"7":1,"8":1,"9":1,"10":1,"11":1,"12":1,"13":1,"14":1,"15":1,"16":1},"f":{"0":1,"1":1},"b":{"0":[1,0]},"_coverageSchema":"332fd63041d2c1bcb487cc26dd0d5f7d97098a6c","hash":"e13c06c33e2cc32081ba537260bca39e5b33dc9c"}
,"D:\\shivani\\19-7-2018\\api_training\\apis\\users\\user.js": {"path":"D:\\shivani\\19-7-2018\\api_training\\apis\\users\\user.js","statementMap":{"0":{"start":{"line":1,"column":14},"end":{"line":1,"column":39}},"1":{"start":{"line":2,"column":11},"end":{"line":2,"column":47}},"2":{"start":{"line":3,"column":16},"end":{"line":3,"column":42}},"3":{"start":{"line":5,"column":11},"end":{"line":7,"column":2}},"4":{"start":{"line":9,"column":0},"end":{"line":9,"column":22}}},"fnMap":{},"branchMap":{},"s":{"0":1,"1":1,"2":1,"3":1,"4":1},"f":{},"b":{},"_coverageSchema":"332fd63041d2c1bcb487cc26dd0d5f7d97098a6c","hash":"dca9731e98ab07d97d2047621a13e4375a10c253"}
,"D:\\shivani\\19-7-2018\\api_training\\apis\\users\\users_controller.js": {"path":"D:\\shivani\\19-7-2018\\api_training\\apis\\users\\users_controller.js","statementMap":{"0":{"start":{"line":1,"column":13},"end":{"line":1,"column":40}},"1":{"start":{"line":2,"column":16},"end":{"line":2,"column":34}},"2":{"start":{"line":3,"column":15},"end":{"line":3,"column":31}},"3":{"start":{"line":4,"column":15},"end":{"line":4,"column":39}},"4":{"start":{"line":5,"column":17},"end":{"line":5,"column":36}},"5":{"start":{"line":6,"column":12},"end":{"line":6,"column":35}},"6":{"start":{"line":7,"column":17},"end":{"line":7,"column":38}},"7":{"start":{"line":8,"column":16},"end":{"line":8,"column":44}},"8":{"start":{"line":9,"column":17},"end":{"line":9,"column":54}},"9":{"start":{"line":11,"column":18},"end":{"line":17,"column":2}},"10":{"start":{"line":21,"column":0},"end":{"line":76,"column":3}},"11":{"start":{"line":22,"column":4},"end":{"line":75,"column":5}},"12":{"start":{"line":23,"column":8},"end":{"line":26,"column":11}},"13":{"start":{"line":31,"column":8},"end":{"line":74,"column":11}},"14":{"start":{"line":32,"column":12},"end":{"line":69,"column":13}},"15":{"start":{"line":33,"column":16},"end":{"line":33,"column":87}},"16":{"start":{"line":36,"column":35},"end":{"line":36,"column":47}},"17":{"start":{"line":37,"column":16},"end":{"line":37,"column":55}},"18":{"start":{"line":38,"column":16},"end":{"line":38,"column":61}},"19":{"start":{"line":39,"column":16},"end":{"line":42,"column":19}},"20":{"start":{"line":44,"column":16},"end":{"line":68,"column":19}},"21":{"start":{"line":46,"column":38},"end":{"line":51,"column":21}},"22":{"start":{"line":52,"column":20},"end":{"line":58,"column":23}},"23":{"start":{"line":53,"column":24},"end":{"line":57,"column":25}},"24":{"start":{"line":54,"column":26},"end":{"line":54,"column":45}},"25":{"start":{"line":56,"column":26},"end":{"line":56,"column":70}},"26":{"start":{"line":59,"column":20},"end":{"line":63,"column":23}},"27":{"start":{"line":65,"column":20},"end":{"line":67,"column":23}},"28":{"start":{"line":71,"column":12},"end":{"line":73,"column":15}},"29":{"start":{"line":81,"column":0},"end":{"line":123,"column":3}},"30":{"start":{"line":82,"column":4},"end":{"line":85,"column":5}},"31":{"start":{"line":83,"column":18},"end":{"line":83,"column":32}},"32":{"start":{"line":84,"column":21},"end":{"line":84,"column":38}},"33":{"start":{"line":86,"column":4},"end":{"line":122,"column":7}},"34":{"start":{"line":87,"column":8},"end":{"line":89,"column":9}},"35":{"start":{"line":88,"column":12},"end":{"line":88,"column":63}},"36":{"start":{"line":107,"column":8},"end":{"line":119,"column":9}},"37":{"start":{"line":108,"column":26},"end":{"line":108,"column":50}},"38":{"start":{"line":109,"column":24},"end":{"line":109,"column":77}},"39":{"start":{"line":111,"column":12},"end":{"line":115,"column":15}},"40":{"start":{"line":112,"column":16},"end":{"line":112,"column":78}},"41":{"start":{"line":114,"column":16},"end":{"line":114,"column":62}},"42":{"start":{"line":118,"column":12},"end":{"line":118,"column":66}},"43":{"start":{"line":121,"column":8},"end":{"line":121,"column":19}},"44":{"start":{"line":127,"column":0},"end":{"line":129,"column":3}},"45":{"start":{"line":128,"column":4},"end":{"line":128,"column":24}},"46":{"start":{"line":132,"column":0},"end":{"line":136,"column":3}},"47":{"start":{"line":133,"column":4},"end":{"line":135,"column":7}},"48":{"start":{"line":134,"column":8},"end":{"line":134,"column":24}},"49":{"start":{"line":138,"column":0},"end":{"line":138,"column":92}},"50":{"start":{"line":140,"column":0},"end":{"line":142,"column":3}},"51":{"start":{"line":141,"column":4},"end":{"line":141,"column":22}},"52":{"start":{"line":147,"column":0},"end":{"line":149,"column":3}},"53":{"start":{"line":148,"column":4},"end":{"line":148,"column":84}},"54":{"start":{"line":151,"column":0},"end":{"line":151,"column":87}},"55":{"start":{"line":152,"column":0},"end":{"line":152,"column":93}},"56":{"start":{"line":153,"column":0},"end":{"line":153,"column":96}},"57":{"start":{"line":154,"column":0},"end":{"line":154,"column":86}},"58":{"start":{"line":155,"column":0},"end":{"line":155,"column":94}},"59":{"start":{"line":159,"column":16},"end":{"line":159,"column":41}},"60":{"start":{"line":160,"column":18},"end":{"line":160,"column":47}},"61":{"start":{"line":162,"column":4},"end":{"line":204,"column":5}},"62":{"start":{"line":163,"column":24},"end":{"line":163,"column":36}},"63":{"start":{"line":164,"column":8},"end":{"line":164,"column":44}},"64":{"start":{"line":165,"column":8},"end":{"line":165,"column":50}},"65":{"start":{"line":166,"column":8},"end":{"line":166,"column":52}},"66":{"start":{"line":167,"column":8},"end":{"line":167,"column":50}},"67":{"start":{"line":168,"column":8},"end":{"line":171,"column":11}},"68":{"start":{"line":173,"column":8},"end":{"line":200,"column":11}},"69":{"start":{"line":174,"column":12},"end":{"line":199,"column":13}},"70":{"start":{"line":175,"column":16},"end":{"line":175,"column":87}},"71":{"start":{"line":179,"column":16},"end":{"line":198,"column":19}},"72":{"start":{"line":180,"column":38},"end":{"line":185,"column":21}},"73":{"start":{"line":186,"column":20},"end":{"line":192,"column":23}},"74":{"start":{"line":187,"column":24},"end":{"line":191,"column":25}},"75":{"start":{"line":188,"column":26},"end":{"line":188,"column":45}},"76":{"start":{"line":190,"column":26},"end":{"line":190,"column":70}},"77":{"start":{"line":193,"column":20},"end":{"line":197,"column":23}},"78":{"start":{"line":203,"column":8},"end":{"line":203,"column":71}},"79":{"start":{"line":209,"column":16},"end":{"line":209,"column":41}},"80":{"start":{"line":210,"column":18},"end":{"line":210,"column":47}},"81":{"start":{"line":212,"column":4},"end":{"line":242,"column":5}},"82":{"start":{"line":213,"column":17},"end":{"line":213,"column":30}},"83":{"start":{"line":215,"column":24},"end":{"line":215,"column":36}},"84":{"start":{"line":216,"column":8},"end":{"line":216,"column":41}},"85":{"start":{"line":217,"column":8},"end":{"line":217,"column":47}},"86":{"start":{"line":218,"column":8},"end":{"line":218,"column":49}},"87":{"start":{"line":219,"column":8},"end":{"line":219,"column":47}},"88":{"start":{"line":220,"column":8},"end":{"line":220,"column":42}},"89":{"start":{"line":222,"column":8},"end":{"line":238,"column":11}},"90":{"start":{"line":223,"column":12},"end":{"line":237,"column":13}},"91":{"start":{"line":224,"column":16},"end":{"line":230,"column":19}},"92":{"start":{"line":225,"column":20},"end":{"line":229,"column":23}},"93":{"start":{"line":233,"column":16},"end":{"line":236,"column":19}},"94":{"start":{"line":241,"column":8},"end":{"line":241,"column":71}},"95":{"start":{"line":247,"column":16},"end":{"line":247,"column":41}},"96":{"start":{"line":248,"column":18},"end":{"line":248,"column":47}},"97":{"start":{"line":250,"column":4},"end":{"line":266,"column":5}},"98":{"start":{"line":251,"column":17},"end":{"line":251,"column":30}},"99":{"start":{"line":253,"column":8},"end":{"line":262,"column":11}},"100":{"start":{"line":254,"column":12},"end":{"line":261,"column":13}},"101":{"start":{"line":255,"column":16},"end":{"line":257,"column":19}},"102":{"start":{"line":256,"column":20},"end":{"line":256,"column":83}},"103":{"start":{"line":260,"column":16},"end":{"line":260,"column":74}},"104":{"start":{"line":265,"column":8},"end":{"line":265,"column":71}},"105":{"start":{"line":271,"column":16},"end":{"line":271,"column":41}},"106":{"start":{"line":272,"column":18},"end":{"line":272,"column":47}},"107":{"start":{"line":274,"column":4},"end":{"line":281,"column":5}},"108":{"start":{"line":275,"column":8},"end":{"line":277,"column":11}},"109":{"start":{"line":276,"column":12},"end":{"line":276,"column":49}},"110":{"start":{"line":280,"column":8},"end":{"line":280,"column":71}},"111":{"start":{"line":286,"column":16},"end":{"line":286,"column":41}},"112":{"start":{"line":287,"column":18},"end":{"line":287,"column":47}},"113":{"start":{"line":289,"column":4},"end":{"line":302,"column":5}},"114":{"start":{"line":290,"column":17},"end":{"line":290,"column":30}},"115":{"start":{"line":291,"column":8},"end":{"line":298,"column":11}},"116":{"start":{"line":292,"column":12},"end":{"line":297,"column":13}},"117":{"start":{"line":293,"column":16},"end":{"line":293,"column":54}},"118":{"start":{"line":296,"column":16},"end":{"line":296,"column":57}},"119":{"start":{"line":301,"column":8},"end":{"line":301,"column":71}},"120":{"start":{"line":306,"column":0},"end":{"line":306,"column":24}}},"fnMap":{"0":{"name":"(anonymous_0)","decl":{"start":{"line":21,"column":25},"end":{"line":21,"column":26}},"loc":{"start":{"line":21,"column":44},"end":{"line":76,"column":1}},"line":21},"1":{"name":"(anonymous_1)","decl":{"start":{"line":31,"column":56},"end":{"line":31,"column":57}},"loc":{"start":{"line":31,"column":70},"end":{"line":70,"column":9}},"line":31},"2":{"name":"(anonymous_2)","decl":{"start":{"line":44,"column":53},"end":{"line":44,"column":54}},"loc":{"start":{"line":44,"column":67},"end":{"line":64,"column":17}},"line":44},"3":{"name":"(anonymous_3)","decl":{"start":{"line":52,"column":54},"end":{"line":52,"column":55}},"loc":{"start":{"line":52,"column":75},"end":{"line":58,"column":21}},"line":52},"4":{"name":"(anonymous_4)","decl":{"start":{"line":64,"column":25},"end":{"line":64,"column":26}},"loc":{"start":{"line":64,"column":38},"end":{"line":68,"column":17}},"line":64},"5":{"name":"(anonymous_5)","decl":{"start":{"line":70,"column":17},"end":{"line":70,"column":18}},"loc":{"start":{"line":70,"column":29},"end":{"line":74,"column":9}},"line":70},"6":{"name":"(anonymous_6)","decl":{"start":{"line":81,"column":22},"end":{"line":81,"column":23}},"loc":{"start":{"line":81,"column":41},"end":{"line":123,"column":1}},"line":81},"7":{"name":"(anonymous_7)","decl":{"start":{"line":86,"column":44},"end":{"line":86,"column":45}},"loc":{"start":{"line":86,"column":59},"end":{"line":120,"column":5}},"line":86},"8":{"name":"(anonymous_8)","decl":{"start":{"line":111,"column":96},"end":{"line":111,"column":97}},"loc":{"start":{"line":111,"column":112},"end":{"line":113,"column":13}},"line":111},"9":{"name":"(anonymous_9)","decl":{"start":{"line":113,"column":21},"end":{"line":113,"column":22}},"loc":{"start":{"line":113,"column":34},"end":{"line":115,"column":13}},"line":113},"10":{"name":"(anonymous_10)","decl":{"start":{"line":120,"column":13},"end":{"line":120,"column":14}},"loc":{"start":{"line":120,"column":26},"end":{"line":122,"column":5}},"line":120},"11":{"name":"(anonymous_11)","decl":{"start":{"line":127,"column":23},"end":{"line":127,"column":24}},"loc":{"start":{"line":127,"column":44},"end":{"line":129,"column":1}},"line":127},"12":{"name":"(anonymous_12)","decl":{"start":{"line":132,"column":25},"end":{"line":132,"column":26}},"loc":{"start":{"line":132,"column":44},"end":{"line":136,"column":1}},"line":132},"13":{"name":"(anonymous_13)","decl":{"start":{"line":133,"column":22},"end":{"line":133,"column":23}},"loc":{"start":{"line":133,"column":42},"end":{"line":135,"column":5}},"line":133},"14":{"name":"(anonymous_14)","decl":{"start":{"line":140,"column":69},"end":{"line":140,"column":70}},"loc":{"start":{"line":140,"column":83},"end":{"line":142,"column":1}},"line":140},"15":{"name":"(anonymous_15)","decl":{"start":{"line":147,"column":72},"end":{"line":147,"column":73}},"loc":{"start":{"line":147,"column":90},"end":{"line":149,"column":1}},"line":147},"16":{"name":"addUserData","decl":{"start":{"line":158,"column":9},"end":{"line":158,"column":20}},"loc":{"start":{"line":158,"column":29},"end":{"line":205,"column":1}},"line":158},"17":{"name":"(anonymous_17)","decl":{"start":{"line":173,"column":56},"end":{"line":173,"column":57}},"loc":{"start":{"line":173,"column":70},"end":{"line":200,"column":9}},"line":173},"18":{"name":"(anonymous_18)","decl":{"start":{"line":179,"column":50},"end":{"line":179,"column":51}},"loc":{"start":{"line":179,"column":64},"end":{"line":198,"column":17}},"line":179},"19":{"name":"(anonymous_19)","decl":{"start":{"line":186,"column":54},"end":{"line":186,"column":55}},"loc":{"start":{"line":186,"column":75},"end":{"line":192,"column":21}},"line":186},"20":{"name":"editUserData","decl":{"start":{"line":208,"column":9},"end":{"line":208,"column":21}},"loc":{"start":{"line":208,"column":30},"end":{"line":243,"column":1}},"line":208},"21":{"name":"(anonymous_21)","decl":{"start":{"line":222,"column":41},"end":{"line":222,"column":42}},"loc":{"start":{"line":222,"column":55},"end":{"line":238,"column":9}},"line":222},"22":{"name":"(anonymous_22)","decl":{"start":{"line":224,"column":57},"end":{"line":224,"column":58}},"loc":{"start":{"line":224,"column":71},"end":{"line":230,"column":17}},"line":224},"23":{"name":"deleteUserData","decl":{"start":{"line":246,"column":9},"end":{"line":246,"column":23}},"loc":{"start":{"line":246,"column":32},"end":{"line":267,"column":1}},"line":246},"24":{"name":"(anonymous_24)","decl":{"start":{"line":253,"column":41},"end":{"line":253,"column":42}},"loc":{"start":{"line":253,"column":57},"end":{"line":262,"column":9}},"line":253},"25":{"name":"(anonymous_25)","decl":{"start":{"line":255,"column":38},"end":{"line":255,"column":39}},"loc":{"start":{"line":255,"column":48},"end":{"line":257,"column":17}},"line":255},"26":{"name":"getAllUsers","decl":{"start":{"line":270,"column":9},"end":{"line":270,"column":20}},"loc":{"start":{"line":270,"column":29},"end":{"line":282,"column":1}},"line":270},"27":{"name":"(anonymous_27)","decl":{"start":{"line":275,"column":29},"end":{"line":275,"column":30}},"loc":{"start":{"line":275,"column":45},"end":{"line":277,"column":9}},"line":275},"28":{"name":"getUserById","decl":{"start":{"line":285,"column":9},"end":{"line":285,"column":20}},"loc":{"start":{"line":285,"column":29},"end":{"line":303,"column":1}},"line":285},"29":{"name":"(anonymous_29)","decl":{"start":{"line":291,"column":41},"end":{"line":291,"column":42}},"loc":{"start":{"line":291,"column":57},"end":{"line":298,"column":9}},"line":291}},"branchMap":{"0":{"loc":{"start":{"line":22,"column":4},"end":{"line":75,"column":5}},"type":"if","locations":[{"start":{"line":22,"column":4},"end":{"line":75,"column":5}},{"start":{"line":22,"column":4},"end":{"line":75,"column":5}}],"line":22},"1":{"loc":{"start":{"line":22,"column":7},"end":{"line":22,"column":64}},"type":"binary-expr","locations":[{"start":{"line":22,"column":7},"end":{"line":22,"column":32}},{"start":{"line":22,"column":36},"end":{"line":22,"column":64}}],"line":22},"2":{"loc":{"start":{"line":32,"column":12},"end":{"line":69,"column":13}},"type":"if","locations":[{"start":{"line":32,"column":12},"end":{"line":69,"column":13}},{"start":{"line":32,"column":12},"end":{"line":69,"column":13}}],"line":32},"3":{"loc":{"start":{"line":53,"column":24},"end":{"line":57,"column":25}},"type":"if","locations":[{"start":{"line":53,"column":24},"end":{"line":57,"column":25}},{"start":{"line":53,"column":24},"end":{"line":57,"column":25}}],"line":53},"4":{"loc":{"start":{"line":82,"column":4},"end":{"line":85,"column":5}},"type":"if","locations":[{"start":{"line":82,"column":4},"end":{"line":85,"column":5}},{"start":{"line":82,"column":4},"end":{"line":85,"column":5}}],"line":82},"5":{"loc":{"start":{"line":82,"column":7},"end":{"line":82,"column":42}},"type":"binary-expr","locations":[{"start":{"line":82,"column":7},"end":{"line":82,"column":21}},{"start":{"line":82,"column":25},"end":{"line":82,"column":42}}],"line":82},"6":{"loc":{"start":{"line":87,"column":8},"end":{"line":89,"column":9}},"type":"if","locations":[{"start":{"line":87,"column":8},"end":{"line":89,"column":9}},{"start":{"line":87,"column":8},"end":{"line":89,"column":9}}],"line":87},"7":{"loc":{"start":{"line":107,"column":8},"end":{"line":119,"column":9}},"type":"if","locations":[{"start":{"line":107,"column":8},"end":{"line":119,"column":9}},{"start":{"line":107,"column":8},"end":{"line":119,"column":9}}],"line":107},"8":{"loc":{"start":{"line":162,"column":4},"end":{"line":204,"column":5}},"type":"if","locations":[{"start":{"line":162,"column":4},"end":{"line":204,"column":5}},{"start":{"line":162,"column":4},"end":{"line":204,"column":5}}],"line":162},"9":{"loc":{"start":{"line":174,"column":12},"end":{"line":199,"column":13}},"type":"if","locations":[{"start":{"line":174,"column":12},"end":{"line":199,"column":13}},{"start":{"line":174,"column":12},"end":{"line":199,"column":13}}],"line":174},"10":{"loc":{"start":{"line":187,"column":24},"end":{"line":191,"column":25}},"type":"if","locations":[{"start":{"line":187,"column":24},"end":{"line":191,"column":25}},{"start":{"line":187,"column":24},"end":{"line":191,"column":25}}],"line":187},"11":{"loc":{"start":{"line":212,"column":4},"end":{"line":242,"column":5}},"type":"if","locations":[{"start":{"line":212,"column":4},"end":{"line":242,"column":5}},{"start":{"line":212,"column":4},"end":{"line":242,"column":5}}],"line":212},"12":{"loc":{"start":{"line":223,"column":12},"end":{"line":237,"column":13}},"type":"if","locations":[{"start":{"line":223,"column":12},"end":{"line":237,"column":13}},{"start":{"line":223,"column":12},"end":{"line":237,"column":13}}],"line":223},"13":{"loc":{"start":{"line":250,"column":4},"end":{"line":266,"column":5}},"type":"if","locations":[{"start":{"line":250,"column":4},"end":{"line":266,"column":5}},{"start":{"line":250,"column":4},"end":{"line":266,"column":5}}],"line":250},"14":{"loc":{"start":{"line":254,"column":12},"end":{"line":261,"column":13}},"type":"if","locations":[{"start":{"line":254,"column":12},"end":{"line":261,"column":13}},{"start":{"line":254,"column":12},"end":{"line":261,"column":13}}],"line":254},"15":{"loc":{"start":{"line":274,"column":4},"end":{"line":281,"column":5}},"type":"if","locations":[{"start":{"line":274,"column":4},"end":{"line":281,"column":5}},{"start":{"line":274,"column":4},"end":{"line":281,"column":5}}],"line":274},"16":{"loc":{"start":{"line":289,"column":4},"end":{"line":302,"column":5}},"type":"if","locations":[{"start":{"line":289,"column":4},"end":{"line":302,"column":5}},{"start":{"line":289,"column":4},"end":{"line":302,"column":5}}],"line":289},"17":{"loc":{"start":{"line":292,"column":12},"end":{"line":297,"column":13}},"type":"if","locations":[{"start":{"line":292,"column":12},"end":{"line":297,"column":13}},{"start":{"line":292,"column":12},"end":{"line":297,"column":13}}],"line":292}},"s":{"0":1,"1":1,"2":1,"3":1,"4":1,"5":1,"6":1,"7":1,"8":1,"9":1,"10":1,"11":1,"12":0,"13":1,"14":1,"15":1,"16":0,"17":0,"18":0,"19":0,"20":0,"21":0,"22":0,"23":0,"24":0,"25":0,"26":0,"27":0,"28":0,"29":1,"30":3,"31":3,"32":3,"33":3,"34":3,"35":1,"36":3,"37":1,"38":1,"39":1,"40":1,"41":0,"42":1,"43":1,"44":1,"45":0,"46":1,"47":0,"48":0,"49":1,"50":1,"51":0,"52":1,"53":0,"54":1,"55":1,"56":1,"57":1,"58":1,"59":0,"60":0,"61":0,"62":0,"63":0,"64":0,"65":0,"66":0,"67":0,"68":0,"69":0,"70":0,"71":0,"72":0,"73":0,"74":0,"75":0,"76":0,"77":0,"78":0,"79":2,"80":2,"81":2,"82":2,"83":2,"84":2,"85":2,"86":2,"87":2,"88":2,"89":2,"90":2,"91":1,"92":1,"93":1,"94":0,"95":2,"96":2,"97":2,"98":2,"99":2,"100":2,"101":0,"102":0,"103":2,"104":0,"105":1,"106":1,"107":1,"108":1,"109":1,"110":0,"111":2,"112":2,"113":2,"114":2,"115":2,"116":2,"117":1,"118":1,"119":0,"120":1},"f":{"0":1,"1":1,"2":0,"3":0,"4":0,"5":0,"6":3,"7":3,"8":1,"9":0,"10":1,"11":0,"12":0,"13":0,"14":0,"15":0,"16":0,"17":0,"18":0,"19":0,"20":2,"21":2,"22":1,"23":2,"24":2,"25":0,"26":1,"27":1,"28":2,"29":2},"b":{"0":[0,1],"1":[1,1],"2":[1,0],"3":[0,0],"4":[3,0],"5":[3,3],"6":[1,2],"7":[1,1],"8":[0,0],"9":[0,0],"10":[0,0],"11":[2,0],"12":[1,1],"13":[2,0],"14":[0,2],"15":[1,0],"16":[2,0],"17":[1,1]},"_coverageSchema":"332fd63041d2c1bcb487cc26dd0d5f7d97098a6c","hash":"f63003c5c5f10d6ae077c75741ac80f502a0112e"}
,"D:\\shivani\\19-7-2018\\api_training\\middleware\\auth.js": {"path":"D:\\shivani\\19-7-2018\\api_training\\middleware\\auth.js","statementMap":{"0":{"start":{"line":1,"column":13},"end":{"line":1,"column":45}},"1":{"start":{"line":2,"column":17},"end":{"line":2,"column":36}},"2":{"start":{"line":3,"column":20},"end":{"line":3,"column":52}},"3":{"start":{"line":4,"column":13},"end":{"line":4,"column":47}},"4":{"start":{"line":5,"column":23},"end":{"line":5,"column":66}},"5":{"start":{"line":7,"column":17},"end":{"line":7,"column":29}},"6":{"start":{"line":8,"column":0},"end":{"line":8,"column":69}},"7":{"start":{"line":9,"column":0},"end":{"line":9,"column":37}},"8":{"start":{"line":10,"column":0},"end":{"line":10,"column":39}},"9":{"start":{"line":13,"column":0},"end":{"line":25,"column":4}},"10":{"start":{"line":15,"column":4},"end":{"line":24,"column":7}},"11":{"start":{"line":16,"column":8},"end":{"line":18,"column":9}},"12":{"start":{"line":17,"column":12},"end":{"line":17,"column":65}},"13":{"start":{"line":19,"column":8},"end":{"line":21,"column":11}},"14":{"start":{"line":23,"column":8},"end":{"line":23,"column":25}},"15":{"start":{"line":30,"column":0},"end":{"line":80,"column":3}},"16":{"start":{"line":36,"column":7},"end":{"line":78,"column":10}},"17":{"start":{"line":38,"column":12},"end":{"line":74,"column":13}},"18":{"start":{"line":40,"column":16},"end":{"line":45,"column":19}},"19":{"start":{"line":41,"column":20},"end":{"line":41,"column":80}},"20":{"start":{"line":42,"column":20},"end":{"line":42,"column":44}},"21":{"start":{"line":44,"column":20},"end":{"line":44,"column":36}},"22":{"start":{"line":48,"column":30},"end":{"line":48,"column":42}},"23":{"start":{"line":51,"column":16},"end":{"line":51,"column":49}},"24":{"start":{"line":52,"column":16},"end":{"line":52,"column":51}},"25":{"start":{"line":53,"column":16},"end":{"line":53,"column":60}},"26":{"start":{"line":54,"column":16},"end":{"line":54,"column":59}},"27":{"start":{"line":55,"column":16},"end":{"line":55,"column":56}},"28":{"start":{"line":56,"column":16},"end":{"line":56,"column":55}},"29":{"start":{"line":57,"column":16},"end":{"line":57,"column":47}},"30":{"start":{"line":59,"column":16},"end":{"line":73,"column":19}},"31":{"start":{"line":60,"column":20},"end":{"line":72,"column":21}},"32":{"start":{"line":61,"column":24},"end":{"line":63,"column":27}},"33":{"start":{"line":62,"column":28},"end":{"line":62,"column":52}},"34":{"start":{"line":68,"column":24},"end":{"line":71,"column":27}},"35":{"start":{"line":70,"column":28},"end":{"line":70,"column":54}},"36":{"start":{"line":77,"column":12},"end":{"line":77,"column":29}},"37":{"start":{"line":82,"column":0},"end":{"line":82,"column":40}}},"fnMap":{"0":{"name":"(anonymous_0)","decl":{"start":{"line":13,"column":40},"end":{"line":13,"column":41}},"loc":{"start":{"line":13,"column":67},"end":{"line":25,"column":1}},"line":13},"1":{"name":"(anonymous_1)","decl":{"start":{"line":15,"column":50},"end":{"line":15,"column":51}},"loc":{"start":{"line":15,"column":65},"end":{"line":22,"column":5}},"line":15},"2":{"name":"(anonymous_2)","decl":{"start":{"line":22,"column":13},"end":{"line":22,"column":14}},"loc":{"start":{"line":22,"column":26},"end":{"line":24,"column":5}},"line":22},"3":{"name":"(anonymous_3)","decl":{"start":{"line":35,"column":2},"end":{"line":35,"column":3}},"loc":{"start":{"line":35,"column":53},"end":{"line":79,"column":3}},"line":35},"4":{"name":"(anonymous_4)","decl":{"start":{"line":36,"column":57},"end":{"line":36,"column":58}},"loc":{"start":{"line":36,"column":73},"end":{"line":76,"column":8}},"line":36},"5":{"name":"(anonymous_5)","decl":{"start":{"line":40,"column":143},"end":{"line":40,"column":144}},"loc":{"start":{"line":40,"column":157},"end":{"line":43,"column":17}},"line":40},"6":{"name":"(anonymous_6)","decl":{"start":{"line":43,"column":25},"end":{"line":43,"column":26}},"loc":{"start":{"line":43,"column":37},"end":{"line":45,"column":17}},"line":43},"7":{"name":"(anonymous_7)","decl":{"start":{"line":59,"column":73},"end":{"line":59,"column":74}},"loc":{"start":{"line":59,"column":89},"end":{"line":73,"column":17}},"line":59},"8":{"name":"(anonymous_8)","decl":{"start":{"line":61,"column":84},"end":{"line":61,"column":85}},"loc":{"start":{"line":61,"column":98},"end":{"line":63,"column":25}},"line":61},"9":{"name":"(anonymous_9)","decl":{"start":{"line":68,"column":56},"end":{"line":68,"column":57}},"loc":{"start":{"line":68,"column":73},"end":{"line":71,"column":25}},"line":68},"10":{"name":"(anonymous_10)","decl":{"start":{"line":76,"column":16},"end":{"line":76,"column":17}},"loc":{"start":{"line":76,"column":29},"end":{"line":78,"column":8}},"line":76}},"branchMap":{"0":{"loc":{"start":{"line":16,"column":8},"end":{"line":18,"column":9}},"type":"if","locations":[{"start":{"line":16,"column":8},"end":{"line":18,"column":9}},{"start":{"line":16,"column":8},"end":{"line":18,"column":9}}],"line":16},"1":{"loc":{"start":{"line":38,"column":12},"end":{"line":74,"column":13}},"type":"if","locations":[{"start":{"line":38,"column":12},"end":{"line":74,"column":13}},{"start":{"line":38,"column":12},"end":{"line":74,"column":13}}],"line":38},"2":{"loc":{"start":{"line":60,"column":20},"end":{"line":72,"column":21}},"type":"if","locations":[{"start":{"line":60,"column":20},"end":{"line":72,"column":21}},{"start":{"line":60,"column":20},"end":{"line":72,"column":21}}],"line":60}},"s":{"0":1,"1":1,"2":1,"3":1,"4":1,"5":1,"6":1,"7":1,"8":1,"9":1,"10":7,"11":7,"12":0,"13":7,"14":0,"15":1,"16":0,"17":0,"18":0,"19":0,"20":0,"21":0,"22":0,"23":0,"24":0,"25":0,"26":0,"27":0,"28":0,"29":0,"30":0,"31":0,"32":0,"33":0,"34":0,"35":0,"36":0,"37":1},"f":{"0":7,"1":7,"2":0,"3":0,"4":0,"5":0,"6":0,"7":0,"8":0,"9":0,"10":0},"b":{"0":[0,7],"1":[0,0],"2":[0,0]},"_coverageSchema":"332fd63041d2c1bcb487cc26dd0d5f7d97098a6c","hash":"7ce78f746075a9295ba13339b84116e088eacb0b"}
}
