{"D:\\shivani\\19-7-2018\\api_training\\knexfile.js": {"path":"D:\\shivani\\19-7-2018\\api_training\\knexfile.js","statementMap":{"0":{"start":{"line":3,"column":0},"end":{"line":54,"column":2}}},"fnMap":{},"branchMap":{},"s":{"0":1},"f":{},"b":{},"_coverageSchema":"332fd63041d2c1bcb487cc26dd0d5f7d97098a6c","hash":"1dc9339f1227cde6f10c4997f8529345dc81f55c"}
,"D:\\shivani\\19-7-2018\\api_training\\server.js": {"path":"D:\\shivani\\19-7-2018\\api_training\\server.js","statementMap":{"0":{"start":{"line":1,"column":16},"end":{"line":1,"column":34}},"1":{"start":{"line":2,"column":12},"end":{"line":2,"column":21}},"2":{"start":{"line":3,"column":17},"end":{"line":3,"column":36}},"3":{"start":{"line":4,"column":19},"end":{"line":4,"column":41}},"4":{"start":{"line":5,"column":0},"end":{"line":5,"column":27}},"5":{"start":{"line":7,"column":11},"end":{"line":7,"column":35}},"6":{"start":{"line":9,"column":0},"end":{"line":9,"column":52}},"7":{"start":{"line":10,"column":0},"end":{"line":10,"column":55}},"8":{"start":{"line":11,"column":0},"end":{"line":15,"column":3}},"9":{"start":{"line":12,"column":4},"end":{"line":12,"column":51}},"10":{"start":{"line":13,"column":4},"end":{"line":13,"column":97}},"11":{"start":{"line":14,"column":4},"end":{"line":14,"column":11}},"12":{"start":{"line":17,"column":0},"end":{"line":17,"column":31}},"13":{"start":{"line":18,"column":0},"end":{"line":18,"column":28}},"14":{"start":{"line":20,"column":23},"end":{"line":20,"column":66}},"15":{"start":{"line":22,"column":0},"end":{"line":22,"column":33}},"16":{"start":{"line":24,"column":0},"end":{"line":26,"column":3}},"17":{"start":{"line":25,"column":4},"end":{"line":25,"column":44}},"18":{"start":{"line":28,"column":0},"end":{"line":30,"column":3}},"19":{"start":{"line":29,"column":4},"end":{"line":29,"column":44}},"20":{"start":{"line":34,"column":0},"end":{"line":34,"column":21}}},"fnMap":{"0":{"name":"(anonymous_0)","decl":{"start":{"line":11,"column":8},"end":{"line":11,"column":9}},"loc":{"start":{"line":11,"column":33},"end":{"line":15,"column":1}},"line":11},"1":{"name":"(anonymous_1)","decl":{"start":{"line":24,"column":13},"end":{"line":24,"column":14}},"loc":{"start":{"line":24,"column":33},"end":{"line":26,"column":1}},"line":24},"2":{"name":"(anonymous_2)","decl":{"start":{"line":28,"column":17},"end":{"line":28,"column":18}},"loc":{"start":{"line":28,"column":29},"end":{"line":30,"column":1}},"line":28}},"branchMap":{"0":{"loc":{"start":{"line":7,"column":11},"end":{"line":7,"column":35}},"type":"binary-expr","locations":[{"start":{"line":7,"column":11},"end":{"line":7,"column":27}},{"start":{"line":7,"column":31},"end":{"line":7,"column":35}}],"line":7}},"s":{"0":1,"1":1,"2":1,"3":1,"4":1,"5":1,"6":1,"7":1,"8":1,"9":18,"10":18,"11":18,"12":1,"13":1,"14":1,"15":1,"16":1,"17":1,"18":1,"19":1,"20":1},"f":{"0":18,"1":1,"2":1},"b":{"0":[1,0]},"_coverageSchema":"332fd63041d2c1bcb487cc26dd0d5f7d97098a6c","hash":"12230a752631f1fe1a72aa29e09edcfae1cb9a7e"}
,"D:\\shivani\\19-7-2018\\api_training\\apis\\users\\user.js": {"path":"D:\\shivani\\19-7-2018\\api_training\\apis\\users\\user.js","statementMap":{"0":{"start":{"line":1,"column":14},"end":{"line":1,"column":39}},"1":{"start":{"line":2,"column":11},"end":{"line":2,"column":47}},"2":{"start":{"line":3,"column":16},"end":{"line":3,"column":42}},"3":{"start":{"line":5,"column":11},"end":{"line":7,"column":2}},"4":{"start":{"line":9,"column":0},"end":{"line":9,"column":22}}},"fnMap":{},"branchMap":{},"s":{"0":1,"1":1,"2":1,"3":1,"4":1},"f":{},"b":{},"_coverageSchema":"332fd63041d2c1bcb487cc26dd0d5f7d97098a6c","hash":"dca9731e98ab07d97d2047621a13e4375a10c253"}
,"D:\\shivani\\19-7-2018\\api_training\\apis\\users\\users_controller.js": {"path":"D:\\shivani\\19-7-2018\\api_training\\apis\\users\\users_controller.js","statementMap":{"0":{"start":{"line":1,"column":13},"end":{"line":1,"column":40}},"1":{"start":{"line":2,"column":16},"end":{"line":2,"column":34}},"2":{"start":{"line":3,"column":15},"end":{"line":3,"column":31}},"3":{"start":{"line":4,"column":15},"end":{"line":4,"column":39}},"4":{"start":{"line":5,"column":17},"end":{"line":5,"column":36}},"5":{"start":{"line":6,"column":12},"end":{"line":6,"column":35}},"6":{"start":{"line":7,"column":17},"end":{"line":7,"column":38}},"7":{"start":{"line":8,"column":16},"end":{"line":8,"column":44}},"8":{"start":{"line":9,"column":17},"end":{"line":9,"column":54}},"9":{"start":{"line":11,"column":18},"end":{"line":17,"column":2}},"10":{"start":{"line":21,"column":0},"end":{"line":79,"column":3}},"11":{"start":{"line":22,"column":4},"end":{"line":78,"column":5}},"12":{"start":{"line":23,"column":8},"end":{"line":26,"column":11}},"13":{"start":{"line":31,"column":8},"end":{"line":77,"column":11}},"14":{"start":{"line":32,"column":12},"end":{"line":72,"column":13}},"15":{"start":{"line":33,"column":16},"end":{"line":33,"column":87}},"16":{"start":{"line":36,"column":35},"end":{"line":36,"column":47}},"17":{"start":{"line":37,"column":16},"end":{"line":37,"column":55}},"18":{"start":{"line":38,"column":16},"end":{"line":38,"column":61}},"19":{"start":{"line":39,"column":16},"end":{"line":42,"column":19}},"20":{"start":{"line":44,"column":16},"end":{"line":71,"column":19}},"21":{"start":{"line":46,"column":38},"end":{"line":51,"column":21}},"22":{"start":{"line":52,"column":20},"end":{"line":66,"column":23}},"23":{"start":{"line":53,"column":24},"end":{"line":65,"column":25}},"24":{"start":{"line":54,"column":28},"end":{"line":57,"column":31}},"25":{"start":{"line":59,"column":28},"end":{"line":64,"column":31}},"26":{"start":{"line":68,"column":20},"end":{"line":70,"column":23}},"27":{"start":{"line":74,"column":12},"end":{"line":76,"column":15}},"28":{"start":{"line":84,"column":0},"end":{"line":109,"column":3}},"29":{"start":{"line":85,"column":4},"end":{"line":88,"column":5}},"30":{"start":{"line":86,"column":18},"end":{"line":86,"column":32}},"31":{"start":{"line":87,"column":21},"end":{"line":87,"column":38}},"32":{"start":{"line":89,"column":4},"end":{"line":108,"column":7}},"33":{"start":{"line":90,"column":8},"end":{"line":92,"column":9}},"34":{"start":{"line":91,"column":12},"end":{"line":91,"column":63}},"35":{"start":{"line":93,"column":8},"end":{"line":105,"column":9}},"36":{"start":{"line":94,"column":26},"end":{"line":94,"column":50}},"37":{"start":{"line":95,"column":24},"end":{"line":95,"column":77}},"38":{"start":{"line":97,"column":12},"end":{"line":101,"column":15}},"39":{"start":{"line":98,"column":16},"end":{"line":98,"column":78}},"40":{"start":{"line":100,"column":16},"end":{"line":100,"column":62}},"41":{"start":{"line":104,"column":12},"end":{"line":104,"column":66}},"42":{"start":{"line":107,"column":8},"end":{"line":107,"column":19}},"43":{"start":{"line":113,"column":0},"end":{"line":115,"column":3}},"44":{"start":{"line":114,"column":4},"end":{"line":114,"column":24}},"45":{"start":{"line":118,"column":0},"end":{"line":122,"column":3}},"46":{"start":{"line":119,"column":4},"end":{"line":121,"column":7}},"47":{"start":{"line":120,"column":8},"end":{"line":120,"column":24}},"48":{"start":{"line":124,"column":0},"end":{"line":124,"column":92}},"49":{"start":{"line":126,"column":0},"end":{"line":128,"column":3}},"50":{"start":{"line":127,"column":4},"end":{"line":127,"column":22}},"51":{"start":{"line":133,"column":0},"end":{"line":135,"column":3}},"52":{"start":{"line":134,"column":4},"end":{"line":134,"column":84}},"53":{"start":{"line":137,"column":0},"end":{"line":137,"column":87}},"54":{"start":{"line":138,"column":0},"end":{"line":138,"column":93}},"55":{"start":{"line":139,"column":0},"end":{"line":139,"column":96}},"56":{"start":{"line":140,"column":0},"end":{"line":140,"column":86}},"57":{"start":{"line":141,"column":0},"end":{"line":141,"column":94}},"58":{"start":{"line":145,"column":16},"end":{"line":145,"column":41}},"59":{"start":{"line":146,"column":18},"end":{"line":146,"column":47}},"60":{"start":{"line":148,"column":4},"end":{"line":193,"column":5}},"61":{"start":{"line":149,"column":24},"end":{"line":149,"column":36}},"62":{"start":{"line":150,"column":8},"end":{"line":150,"column":44}},"63":{"start":{"line":151,"column":8},"end":{"line":151,"column":50}},"64":{"start":{"line":152,"column":8},"end":{"line":152,"column":52}},"65":{"start":{"line":153,"column":8},"end":{"line":153,"column":50}},"66":{"start":{"line":154,"column":8},"end":{"line":157,"column":11}},"67":{"start":{"line":159,"column":8},"end":{"line":189,"column":11}},"68":{"start":{"line":160,"column":12},"end":{"line":188,"column":13}},"69":{"start":{"line":161,"column":16},"end":{"line":161,"column":85}},"70":{"start":{"line":165,"column":16},"end":{"line":187,"column":19}},"71":{"start":{"line":166,"column":38},"end":{"line":171,"column":21}},"72":{"start":{"line":172,"column":20},"end":{"line":186,"column":23}},"73":{"start":{"line":173,"column":24},"end":{"line":185,"column":25}},"74":{"start":{"line":174,"column":28},"end":{"line":177,"column":31}},"75":{"start":{"line":179,"column":28},"end":{"line":184,"column":31}},"76":{"start":{"line":192,"column":8},"end":{"line":192,"column":71}},"77":{"start":{"line":198,"column":16},"end":{"line":198,"column":41}},"78":{"start":{"line":199,"column":18},"end":{"line":199,"column":47}},"79":{"start":{"line":201,"column":4},"end":{"line":231,"column":5}},"80":{"start":{"line":202,"column":17},"end":{"line":202,"column":30}},"81":{"start":{"line":204,"column":24},"end":{"line":204,"column":36}},"82":{"start":{"line":205,"column":8},"end":{"line":205,"column":41}},"83":{"start":{"line":206,"column":8},"end":{"line":206,"column":47}},"84":{"start":{"line":207,"column":8},"end":{"line":207,"column":49}},"85":{"start":{"line":208,"column":8},"end":{"line":208,"column":47}},"86":{"start":{"line":209,"column":8},"end":{"line":209,"column":42}},"87":{"start":{"line":211,"column":8},"end":{"line":227,"column":11}},"88":{"start":{"line":212,"column":12},"end":{"line":226,"column":13}},"89":{"start":{"line":213,"column":16},"end":{"line":219,"column":19}},"90":{"start":{"line":214,"column":20},"end":{"line":218,"column":23}},"91":{"start":{"line":222,"column":16},"end":{"line":225,"column":19}},"92":{"start":{"line":230,"column":8},"end":{"line":230,"column":71}},"93":{"start":{"line":236,"column":16},"end":{"line":236,"column":41}},"94":{"start":{"line":237,"column":18},"end":{"line":237,"column":47}},"95":{"start":{"line":239,"column":4},"end":{"line":255,"column":5}},"96":{"start":{"line":240,"column":17},"end":{"line":240,"column":30}},"97":{"start":{"line":242,"column":8},"end":{"line":251,"column":11}},"98":{"start":{"line":243,"column":12},"end":{"line":250,"column":13}},"99":{"start":{"line":244,"column":16},"end":{"line":246,"column":19}},"100":{"start":{"line":245,"column":20},"end":{"line":245,"column":83}},"101":{"start":{"line":249,"column":16},"end":{"line":249,"column":74}},"102":{"start":{"line":254,"column":8},"end":{"line":254,"column":71}},"103":{"start":{"line":260,"column":16},"end":{"line":260,"column":41}},"104":{"start":{"line":261,"column":18},"end":{"line":261,"column":47}},"105":{"start":{"line":263,"column":4},"end":{"line":270,"column":5}},"106":{"start":{"line":264,"column":8},"end":{"line":266,"column":11}},"107":{"start":{"line":265,"column":12},"end":{"line":265,"column":49}},"108":{"start":{"line":269,"column":8},"end":{"line":269,"column":71}},"109":{"start":{"line":275,"column":16},"end":{"line":275,"column":41}},"110":{"start":{"line":276,"column":18},"end":{"line":276,"column":47}},"111":{"start":{"line":278,"column":4},"end":{"line":291,"column":5}},"112":{"start":{"line":279,"column":17},"end":{"line":279,"column":30}},"113":{"start":{"line":280,"column":8},"end":{"line":287,"column":11}},"114":{"start":{"line":281,"column":12},"end":{"line":286,"column":13}},"115":{"start":{"line":282,"column":16},"end":{"line":282,"column":54}},"116":{"start":{"line":285,"column":16},"end":{"line":285,"column":57}},"117":{"start":{"line":290,"column":8},"end":{"line":290,"column":71}},"118":{"start":{"line":295,"column":0},"end":{"line":295,"column":24}}},"fnMap":{"0":{"name":"(anonymous_0)","decl":{"start":{"line":21,"column":25},"end":{"line":21,"column":26}},"loc":{"start":{"line":21,"column":44},"end":{"line":79,"column":1}},"line":21},"1":{"name":"(anonymous_1)","decl":{"start":{"line":31,"column":56},"end":{"line":31,"column":57}},"loc":{"start":{"line":31,"column":70},"end":{"line":73,"column":9}},"line":31},"2":{"name":"(anonymous_2)","decl":{"start":{"line":44,"column":53},"end":{"line":44,"column":54}},"loc":{"start":{"line":44,"column":67},"end":{"line":67,"column":17}},"line":44},"3":{"name":"(anonymous_3)","decl":{"start":{"line":52,"column":54},"end":{"line":52,"column":55}},"loc":{"start":{"line":52,"column":75},"end":{"line":66,"column":21}},"line":52},"4":{"name":"(anonymous_4)","decl":{"start":{"line":67,"column":25},"end":{"line":67,"column":26}},"loc":{"start":{"line":67,"column":38},"end":{"line":71,"column":17}},"line":67},"5":{"name":"(anonymous_5)","decl":{"start":{"line":73,"column":17},"end":{"line":73,"column":18}},"loc":{"start":{"line":73,"column":29},"end":{"line":77,"column":9}},"line":73},"6":{"name":"(anonymous_6)","decl":{"start":{"line":84,"column":22},"end":{"line":84,"column":23}},"loc":{"start":{"line":84,"column":41},"end":{"line":109,"column":1}},"line":84},"7":{"name":"(anonymous_7)","decl":{"start":{"line":89,"column":44},"end":{"line":89,"column":45}},"loc":{"start":{"line":89,"column":59},"end":{"line":106,"column":5}},"line":89},"8":{"name":"(anonymous_8)","decl":{"start":{"line":97,"column":96},"end":{"line":97,"column":97}},"loc":{"start":{"line":97,"column":112},"end":{"line":99,"column":13}},"line":97},"9":{"name":"(anonymous_9)","decl":{"start":{"line":99,"column":21},"end":{"line":99,"column":22}},"loc":{"start":{"line":99,"column":34},"end":{"line":101,"column":13}},"line":99},"10":{"name":"(anonymous_10)","decl":{"start":{"line":106,"column":13},"end":{"line":106,"column":14}},"loc":{"start":{"line":106,"column":26},"end":{"line":108,"column":5}},"line":106},"11":{"name":"(anonymous_11)","decl":{"start":{"line":113,"column":23},"end":{"line":113,"column":24}},"loc":{"start":{"line":113,"column":44},"end":{"line":115,"column":1}},"line":113},"12":{"name":"(anonymous_12)","decl":{"start":{"line":118,"column":25},"end":{"line":118,"column":26}},"loc":{"start":{"line":118,"column":44},"end":{"line":122,"column":1}},"line":118},"13":{"name":"(anonymous_13)","decl":{"start":{"line":119,"column":22},"end":{"line":119,"column":23}},"loc":{"start":{"line":119,"column":42},"end":{"line":121,"column":5}},"line":119},"14":{"name":"(anonymous_14)","decl":{"start":{"line":126,"column":69},"end":{"line":126,"column":70}},"loc":{"start":{"line":126,"column":83},"end":{"line":128,"column":1}},"line":126},"15":{"name":"(anonymous_15)","decl":{"start":{"line":133,"column":72},"end":{"line":133,"column":73}},"loc":{"start":{"line":133,"column":90},"end":{"line":135,"column":1}},"line":133},"16":{"name":"addUserData","decl":{"start":{"line":144,"column":9},"end":{"line":144,"column":20}},"loc":{"start":{"line":144,"column":29},"end":{"line":194,"column":1}},"line":144},"17":{"name":"(anonymous_17)","decl":{"start":{"line":159,"column":56},"end":{"line":159,"column":57}},"loc":{"start":{"line":159,"column":70},"end":{"line":189,"column":9}},"line":159},"18":{"name":"(anonymous_18)","decl":{"start":{"line":165,"column":50},"end":{"line":165,"column":51}},"loc":{"start":{"line":165,"column":64},"end":{"line":187,"column":17}},"line":165},"19":{"name":"(anonymous_19)","decl":{"start":{"line":172,"column":54},"end":{"line":172,"column":55}},"loc":{"start":{"line":172,"column":75},"end":{"line":186,"column":21}},"line":172},"20":{"name":"editUserData","decl":{"start":{"line":197,"column":9},"end":{"line":197,"column":21}},"loc":{"start":{"line":197,"column":30},"end":{"line":232,"column":1}},"line":197},"21":{"name":"(anonymous_21)","decl":{"start":{"line":211,"column":41},"end":{"line":211,"column":42}},"loc":{"start":{"line":211,"column":55},"end":{"line":227,"column":9}},"line":211},"22":{"name":"(anonymous_22)","decl":{"start":{"line":213,"column":57},"end":{"line":213,"column":58}},"loc":{"start":{"line":213,"column":71},"end":{"line":219,"column":17}},"line":213},"23":{"name":"deleteUserData","decl":{"start":{"line":235,"column":9},"end":{"line":235,"column":23}},"loc":{"start":{"line":235,"column":32},"end":{"line":256,"column":1}},"line":235},"24":{"name":"(anonymous_24)","decl":{"start":{"line":242,"column":41},"end":{"line":242,"column":42}},"loc":{"start":{"line":242,"column":57},"end":{"line":251,"column":9}},"line":242},"25":{"name":"(anonymous_25)","decl":{"start":{"line":244,"column":38},"end":{"line":244,"column":39}},"loc":{"start":{"line":244,"column":48},"end":{"line":246,"column":17}},"line":244},"26":{"name":"getAllUsers","decl":{"start":{"line":259,"column":9},"end":{"line":259,"column":20}},"loc":{"start":{"line":259,"column":29},"end":{"line":271,"column":1}},"line":259},"27":{"name":"(anonymous_27)","decl":{"start":{"line":264,"column":29},"end":{"line":264,"column":30}},"loc":{"start":{"line":264,"column":45},"end":{"line":266,"column":9}},"line":264},"28":{"name":"getUserById","decl":{"start":{"line":274,"column":9},"end":{"line":274,"column":20}},"loc":{"start":{"line":274,"column":29},"end":{"line":292,"column":1}},"line":274},"29":{"name":"(anonymous_29)","decl":{"start":{"line":280,"column":41},"end":{"line":280,"column":42}},"loc":{"start":{"line":280,"column":57},"end":{"line":287,"column":9}},"line":280}},"branchMap":{"0":{"loc":{"start":{"line":22,"column":4},"end":{"line":78,"column":5}},"type":"if","locations":[{"start":{"line":22,"column":4},"end":{"line":78,"column":5}},{"start":{"line":22,"column":4},"end":{"line":78,"column":5}}],"line":22},"1":{"loc":{"start":{"line":22,"column":7},"end":{"line":22,"column":64}},"type":"binary-expr","locations":[{"start":{"line":22,"column":7},"end":{"line":22,"column":32}},{"start":{"line":22,"column":36},"end":{"line":22,"column":64}}],"line":22},"2":{"loc":{"start":{"line":32,"column":12},"end":{"line":72,"column":13}},"type":"if","locations":[{"start":{"line":32,"column":12},"end":{"line":72,"column":13}},{"start":{"line":32,"column":12},"end":{"line":72,"column":13}}],"line":32},"3":{"loc":{"start":{"line":53,"column":24},"end":{"line":65,"column":25}},"type":"if","locations":[{"start":{"line":53,"column":24},"end":{"line":65,"column":25}},{"start":{"line":53,"column":24},"end":{"line":65,"column":25}}],"line":53},"4":{"loc":{"start":{"line":85,"column":4},"end":{"line":88,"column":5}},"type":"if","locations":[{"start":{"line":85,"column":4},"end":{"line":88,"column":5}},{"start":{"line":85,"column":4},"end":{"line":88,"column":5}}],"line":85},"5":{"loc":{"start":{"line":85,"column":7},"end":{"line":85,"column":42}},"type":"binary-expr","locations":[{"start":{"line":85,"column":7},"end":{"line":85,"column":21}},{"start":{"line":85,"column":25},"end":{"line":85,"column":42}}],"line":85},"6":{"loc":{"start":{"line":90,"column":8},"end":{"line":92,"column":9}},"type":"if","locations":[{"start":{"line":90,"column":8},"end":{"line":92,"column":9}},{"start":{"line":90,"column":8},"end":{"line":92,"column":9}}],"line":90},"7":{"loc":{"start":{"line":93,"column":8},"end":{"line":105,"column":9}},"type":"if","locations":[{"start":{"line":93,"column":8},"end":{"line":105,"column":9}},{"start":{"line":93,"column":8},"end":{"line":105,"column":9}}],"line":93},"8":{"loc":{"start":{"line":148,"column":4},"end":{"line":193,"column":5}},"type":"if","locations":[{"start":{"line":148,"column":4},"end":{"line":193,"column":5}},{"start":{"line":148,"column":4},"end":{"line":193,"column":5}}],"line":148},"9":{"loc":{"start":{"line":160,"column":12},"end":{"line":188,"column":13}},"type":"if","locations":[{"start":{"line":160,"column":12},"end":{"line":188,"column":13}},{"start":{"line":160,"column":12},"end":{"line":188,"column":13}}],"line":160},"10":{"loc":{"start":{"line":173,"column":24},"end":{"line":185,"column":25}},"type":"if","locations":[{"start":{"line":173,"column":24},"end":{"line":185,"column":25}},{"start":{"line":173,"column":24},"end":{"line":185,"column":25}}],"line":173},"11":{"loc":{"start":{"line":201,"column":4},"end":{"line":231,"column":5}},"type":"if","locations":[{"start":{"line":201,"column":4},"end":{"line":231,"column":5}},{"start":{"line":201,"column":4},"end":{"line":231,"column":5}}],"line":201},"12":{"loc":{"start":{"line":212,"column":12},"end":{"line":226,"column":13}},"type":"if","locations":[{"start":{"line":212,"column":12},"end":{"line":226,"column":13}},{"start":{"line":212,"column":12},"end":{"line":226,"column":13}}],"line":212},"13":{"loc":{"start":{"line":239,"column":4},"end":{"line":255,"column":5}},"type":"if","locations":[{"start":{"line":239,"column":4},"end":{"line":255,"column":5}},{"start":{"line":239,"column":4},"end":{"line":255,"column":5}}],"line":239},"14":{"loc":{"start":{"line":243,"column":12},"end":{"line":250,"column":13}},"type":"if","locations":[{"start":{"line":243,"column":12},"end":{"line":250,"column":13}},{"start":{"line":243,"column":12},"end":{"line":250,"column":13}}],"line":243},"15":{"loc":{"start":{"line":263,"column":4},"end":{"line":270,"column":5}},"type":"if","locations":[{"start":{"line":263,"column":4},"end":{"line":270,"column":5}},{"start":{"line":263,"column":4},"end":{"line":270,"column":5}}],"line":263},"16":{"loc":{"start":{"line":278,"column":4},"end":{"line":291,"column":5}},"type":"if","locations":[{"start":{"line":278,"column":4},"end":{"line":291,"column":5}},{"start":{"line":278,"column":4},"end":{"line":291,"column":5}}],"line":278},"17":{"loc":{"start":{"line":281,"column":12},"end":{"line":286,"column":13}},"type":"if","locations":[{"start":{"line":281,"column":12},"end":{"line":286,"column":13}},{"start":{"line":281,"column":12},"end":{"line":286,"column":13}}],"line":281}},"s":{"0":1,"1":1,"2":1,"3":1,"4":1,"5":1,"6":1,"7":1,"8":1,"9":1,"10":1,"11":1,"12":0,"13":1,"14":1,"15":0,"16":1,"17":1,"18":1,"19":1,"20":1,"21":1,"22":1,"23":1,"24":0,"25":1,"26":0,"27":0,"28":1,"29":3,"30":3,"31":3,"32":3,"33":3,"34":2,"35":3,"36":1,"37":1,"38":1,"39":1,"40":0,"41":0,"42":2,"43":1,"44":0,"45":1,"46":0,"47":0,"48":1,"49":1,"50":0,"51":1,"52":0,"53":1,"54":1,"55":1,"56":1,"57":1,"58":2,"59":2,"60":2,"61":2,"62":2,"63":2,"64":2,"65":2,"66":2,"67":2,"68":2,"69":1,"70":1,"71":1,"72":1,"73":1,"74":0,"75":1,"76":0,"77":2,"78":2,"79":2,"80":2,"81":2,"82":2,"83":2,"84":2,"85":2,"86":2,"87":2,"88":2,"89":1,"90":1,"91":1,"92":0,"93":2,"94":2,"95":2,"96":2,"97":2,"98":2,"99":1,"100":1,"101":1,"102":0,"103":1,"104":1,"105":1,"106":1,"107":1,"108":0,"109":2,"110":2,"111":2,"112":2,"113":2,"114":2,"115":0,"116":2,"117":0,"118":1},"f":{"0":1,"1":1,"2":1,"3":1,"4":0,"5":0,"6":3,"7":3,"8":1,"9":0,"10":2,"11":0,"12":0,"13":0,"14":0,"15":0,"16":2,"17":2,"18":1,"19":1,"20":2,"21":2,"22":1,"23":2,"24":2,"25":1,"26":1,"27":1,"28":2,"29":2},"b":{"0":[0,1],"1":[1,1],"2":[0,1],"3":[0,1],"4":[3,0],"5":[3,3],"6":[2,1],"7":[1,0],"8":[2,0],"9":[1,1],"10":[0,1],"11":[2,0],"12":[1,1],"13":[2,0],"14":[1,1],"15":[1,0],"16":[2,0],"17":[0,2]},"_coverageSchema":"332fd63041d2c1bcb487cc26dd0d5f7d97098a6c","hash":"e6e3f4e418d29dfa48bb0c319244138c5a4c0a22"}
,"D:\\shivani\\19-7-2018\\api_training\\middleware\\auth.js": {"path":"D:\\shivani\\19-7-2018\\api_training\\middleware\\auth.js","statementMap":{"0":{"start":{"line":1,"column":13},"end":{"line":1,"column":45}},"1":{"start":{"line":2,"column":17},"end":{"line":2,"column":36}},"2":{"start":{"line":3,"column":20},"end":{"line":3,"column":52}},"3":{"start":{"line":4,"column":13},"end":{"line":4,"column":47}},"4":{"start":{"line":5,"column":23},"end":{"line":5,"column":66}},"5":{"start":{"line":7,"column":17},"end":{"line":7,"column":29}},"6":{"start":{"line":8,"column":0},"end":{"line":8,"column":69}},"7":{"start":{"line":9,"column":0},"end":{"line":9,"column":37}},"8":{"start":{"line":13,"column":0},"end":{"line":24,"column":4}},"9":{"start":{"line":14,"column":4},"end":{"line":23,"column":7}},"10":{"start":{"line":15,"column":8},"end":{"line":17,"column":9}},"11":{"start":{"line":16,"column":12},"end":{"line":16,"column":65}},"12":{"start":{"line":18,"column":8},"end":{"line":20,"column":11}},"13":{"start":{"line":22,"column":8},"end":{"line":22,"column":25}},"14":{"start":{"line":29,"column":0},"end":{"line":78,"column":3}},"15":{"start":{"line":35,"column":7},"end":{"line":76,"column":10}},"16":{"start":{"line":37,"column":12},"end":{"line":73,"column":13}},"17":{"start":{"line":39,"column":16},"end":{"line":44,"column":19}},"18":{"start":{"line":40,"column":20},"end":{"line":40,"column":80}},"19":{"start":{"line":41,"column":20},"end":{"line":41,"column":44}},"20":{"start":{"line":43,"column":20},"end":{"line":43,"column":36}},"21":{"start":{"line":47,"column":30},"end":{"line":47,"column":42}},"22":{"start":{"line":50,"column":16},"end":{"line":50,"column":49}},"23":{"start":{"line":51,"column":16},"end":{"line":51,"column":51}},"24":{"start":{"line":52,"column":16},"end":{"line":52,"column":60}},"25":{"start":{"line":53,"column":16},"end":{"line":53,"column":59}},"26":{"start":{"line":54,"column":16},"end":{"line":54,"column":56}},"27":{"start":{"line":55,"column":16},"end":{"line":55,"column":55}},"28":{"start":{"line":56,"column":16},"end":{"line":56,"column":47}},"29":{"start":{"line":58,"column":16},"end":{"line":72,"column":19}},"30":{"start":{"line":59,"column":20},"end":{"line":71,"column":21}},"31":{"start":{"line":60,"column":24},"end":{"line":62,"column":27}},"32":{"start":{"line":61,"column":28},"end":{"line":61,"column":52}},"33":{"start":{"line":66,"column":24},"end":{"line":70,"column":27}},"34":{"start":{"line":69,"column":28},"end":{"line":69,"column":54}},"35":{"start":{"line":75,"column":12},"end":{"line":75,"column":29}},"36":{"start":{"line":80,"column":0},"end":{"line":80,"column":40}}},"fnMap":{"0":{"name":"(anonymous_0)","decl":{"start":{"line":13,"column":40},"end":{"line":13,"column":41}},"loc":{"start":{"line":13,"column":67},"end":{"line":24,"column":1}},"line":13},"1":{"name":"(anonymous_1)","decl":{"start":{"line":14,"column":50},"end":{"line":14,"column":51}},"loc":{"start":{"line":14,"column":65},"end":{"line":21,"column":5}},"line":14},"2":{"name":"(anonymous_2)","decl":{"start":{"line":21,"column":13},"end":{"line":21,"column":14}},"loc":{"start":{"line":21,"column":26},"end":{"line":23,"column":5}},"line":21},"3":{"name":"(anonymous_3)","decl":{"start":{"line":34,"column":2},"end":{"line":34,"column":3}},"loc":{"start":{"line":34,"column":53},"end":{"line":77,"column":5}},"line":34},"4":{"name":"(anonymous_4)","decl":{"start":{"line":35,"column":57},"end":{"line":35,"column":58}},"loc":{"start":{"line":35,"column":73},"end":{"line":74,"column":8}},"line":35},"5":{"name":"(anonymous_5)","decl":{"start":{"line":39,"column":143},"end":{"line":39,"column":144}},"loc":{"start":{"line":39,"column":157},"end":{"line":42,"column":17}},"line":39},"6":{"name":"(anonymous_6)","decl":{"start":{"line":42,"column":25},"end":{"line":42,"column":26}},"loc":{"start":{"line":42,"column":37},"end":{"line":44,"column":17}},"line":42},"7":{"name":"(anonymous_7)","decl":{"start":{"line":58,"column":63},"end":{"line":58,"column":64}},"loc":{"start":{"line":58,"column":79},"end":{"line":72,"column":17}},"line":58},"8":{"name":"(anonymous_8)","decl":{"start":{"line":60,"column":83},"end":{"line":60,"column":84}},"loc":{"start":{"line":60,"column":97},"end":{"line":62,"column":25}},"line":60},"9":{"name":"(anonymous_9)","decl":{"start":{"line":66,"column":56},"end":{"line":66,"column":57}},"loc":{"start":{"line":66,"column":73},"end":{"line":70,"column":25}},"line":66},"10":{"name":"(anonymous_10)","decl":{"start":{"line":74,"column":16},"end":{"line":74,"column":17}},"loc":{"start":{"line":74,"column":29},"end":{"line":76,"column":8}},"line":74}},"branchMap":{"0":{"loc":{"start":{"line":15,"column":8},"end":{"line":17,"column":9}},"type":"if","locations":[{"start":{"line":15,"column":8},"end":{"line":17,"column":9}},{"start":{"line":15,"column":8},"end":{"line":17,"column":9}}],"line":15},"1":{"loc":{"start":{"line":37,"column":12},"end":{"line":73,"column":13}},"type":"if","locations":[{"start":{"line":37,"column":12},"end":{"line":73,"column":13}},{"start":{"line":37,"column":12},"end":{"line":73,"column":13}}],"line":37},"2":{"loc":{"start":{"line":59,"column":20},"end":{"line":71,"column":21}},"type":"if","locations":[{"start":{"line":59,"column":20},"end":{"line":71,"column":21}},{"start":{"line":59,"column":20},"end":{"line":71,"column":21}}],"line":59}},"s":{"0":1,"1":1,"2":1,"3":1,"4":1,"5":1,"6":1,"7":1,"8":1,"9":9,"10":9,"11":0,"12":9,"13":0,"14":1,"15":0,"16":0,"17":0,"18":0,"19":0,"20":0,"21":0,"22":0,"23":0,"24":0,"25":0,"26":0,"27":0,"28":0,"29":0,"30":0,"31":0,"32":0,"33":0,"34":0,"35":0,"36":1},"f":{"0":9,"1":9,"2":0,"3":0,"4":0,"5":0,"6":0,"7":0,"8":0,"9":0,"10":0},"b":{"0":[0,9],"1":[0,0],"2":[0,0]},"_coverageSchema":"332fd63041d2c1bcb487cc26dd0d5f7d97098a6c","hash":"91994d38f0c5ffd7a2dfca763d7848c5b4dcdbd6"}
}
