TN:
SF:D:\shivani\19-7-2018\api_training\knexfile.js
FNF:0
FNH:0
DA:3,1
LF:1
LH:1
BRF:0
BRH:0
end_of_record
TN:
SF:D:\shivani\19-7-2018\api_training\server.js
FN:11,(anonymous_0)
FN:24,(anonymous_1)
FN:28,(anonymous_2)
FNF:3
FNH:3
FNDA:18,(anonymous_0)
FNDA:1,(anonymous_1)
FNDA:1,(anonymous_2)
DA:1,1
DA:2,1
DA:3,1
DA:4,1
DA:5,1
DA:7,1
DA:9,1
DA:10,1
DA:11,1
DA:12,18
DA:13,18
DA:14,18
DA:17,1
DA:18,1
DA:20,1
DA:22,1
DA:24,1
DA:25,1
DA:28,1
DA:29,1
DA:34,1
LF:21
LH:21
BRDA:7,0,0,1
BRDA:7,0,1,0
BRF:2
BRH:1
end_of_record
TN:
SF:D:\shivani\19-7-2018\api_training\apis\users\user.js
FNF:0
FNH:0
DA:1,1
DA:2,1
DA:3,1
DA:5,1
DA:9,1
LF:5
LH:5
BRF:0
BRH:0
end_of_record
TN:
SF:D:\shivani\19-7-2018\api_training\apis\users\users_controller.js
FN:21,(anonymous_0)
FN:31,(anonymous_1)
FN:44,(anonymous_2)
FN:52,(anonymous_3)
FN:67,(anonymous_4)
FN:73,(anonymous_5)
FN:84,(anonymous_6)
FN:89,(anonymous_7)
FN:97,(anonymous_8)
FN:99,(anonymous_9)
FN:106,(anonymous_10)
FN:113,(anonymous_11)
FN:118,(anonymous_12)
FN:119,(anonymous_13)
FN:126,(anonymous_14)
FN:133,(anonymous_15)
FN:144,addUserData
FN:159,(anonymous_17)
FN:165,(anonymous_18)
FN:172,(anonymous_19)
FN:197,editUserData
FN:211,(anonymous_21)
FN:213,(anonymous_22)
FN:235,deleteUserData
FN:242,(anonymous_24)
FN:244,(anonymous_25)
FN:259,getAllUsers
FN:264,(anonymous_27)
FN:274,getUserById
FN:280,(anonymous_29)
FNF:30
FNH:22
FNDA:1,(anonymous_0)
FNDA:1,(anonymous_1)
FNDA:1,(anonymous_2)
FNDA:1,(anonymous_3)
FNDA:0,(anonymous_4)
FNDA:0,(anonymous_5)
FNDA:3,(anonymous_6)
FNDA:3,(anonymous_7)
FNDA:1,(anonymous_8)
FNDA:0,(anonymous_9)
FNDA:2,(anonymous_10)
FNDA:0,(anonymous_11)
FNDA:0,(anonymous_12)
FNDA:0,(anonymous_13)
FNDA:0,(anonymous_14)
FNDA:0,(anonymous_15)
FNDA:2,addUserData
FNDA:2,(anonymous_17)
FNDA:1,(anonymous_18)
FNDA:1,(anonymous_19)
FNDA:2,editUserData
FNDA:2,(anonymous_21)
FNDA:1,(anonymous_22)
FNDA:2,deleteUserData
FNDA:2,(anonymous_24)
FNDA:1,(anonymous_25)
FNDA:1,getAllUsers
FNDA:1,(anonymous_27)
FNDA:2,getUserById
FNDA:2,(anonymous_29)
DA:1,1
DA:2,1
DA:3,1
DA:4,1
DA:5,1
DA:6,1
DA:7,1
DA:8,1
DA:9,1
DA:11,1
DA:21,1
DA:22,1
DA:23,0
DA:31,1
DA:32,1
DA:33,0
DA:36,1
DA:37,1
DA:38,1
DA:39,1
DA:44,1
DA:46,1
DA:52,1
DA:53,1
DA:54,0
DA:59,1
DA:68,0
DA:74,0
DA:84,1
DA:85,3
DA:86,3
DA:87,3
DA:89,3
DA:90,3
DA:91,2
DA:93,3
DA:94,1
DA:95,1
DA:97,1
DA:98,1
DA:100,0
DA:104,0
DA:107,2
DA:113,1
DA:114,0
DA:118,1
DA:119,0
DA:120,0
DA:124,1
DA:126,1
DA:127,0
DA:133,1
DA:134,0
DA:137,1
DA:138,1
DA:139,1
DA:140,1
DA:141,1
DA:145,2
DA:146,2
DA:148,2
DA:149,2
DA:150,2
DA:151,2
DA:152,2
DA:153,2
DA:154,2
DA:159,2
DA:160,2
DA:161,1
DA:165,1
DA:166,1
DA:172,1
DA:173,1
DA:174,0
DA:179,1
DA:192,0
DA:198,2
DA:199,2
DA:201,2
DA:202,2
DA:204,2
DA:205,2
DA:206,2
DA:207,2
DA:208,2
DA:209,2
DA:211,2
DA:212,2
DA:213,1
DA:214,1
DA:222,1
DA:230,0
DA:236,2
DA:237,2
DA:239,2
DA:240,2
DA:242,2
DA:243,2
DA:244,1
DA:245,1
DA:249,1
DA:254,0
DA:260,1
DA:261,1
DA:263,1
DA:264,1
DA:265,1
DA:269,0
DA:275,2
DA:276,2
DA:278,2
DA:279,2
DA:280,2
DA:281,2
DA:282,0
DA:285,2
DA:290,0
DA:295,1
LF:119
LH:100
BRDA:22,0,0,0
BRDA:22,0,1,1
BRDA:22,1,0,1
BRDA:22,1,1,1
BRDA:32,2,0,0
BRDA:32,2,1,1
BRDA:53,3,0,0
BRDA:53,3,1,1
BRDA:85,4,0,3
BRDA:85,4,1,0
BRDA:85,5,0,3
BRDA:85,5,1,3
BRDA:90,6,0,2
BRDA:90,6,1,1
BRDA:93,7,0,1
BRDA:93,7,1,0
BRDA:148,8,0,2
BRDA:148,8,1,0
BRDA:160,9,0,1
BRDA:160,9,1,1
BRDA:173,10,0,0
BRDA:173,10,1,1
BRDA:201,11,0,2
BRDA:201,11,1,0
BRDA:212,12,0,1
BRDA:212,12,1,1
BRDA:239,13,0,2
BRDA:239,13,1,0
BRDA:243,14,0,1
BRDA:243,14,1,1
BRDA:263,15,0,1
BRDA:263,15,1,0
BRDA:278,16,0,2
BRDA:278,16,1,0
BRDA:281,17,0,0
BRDA:281,17,1,2
BRF:36
BRH:24
end_of_record
TN:
SF:D:\shivani\19-7-2018\api_training\middleware\auth.js
FN:13,(anonymous_0)
FN:14,(anonymous_1)
FN:21,(anonymous_2)
FN:34,(anonymous_3)
FN:35,(anonymous_4)
FN:39,(anonymous_5)
FN:42,(anonymous_6)
FN:58,(anonymous_7)
FN:60,(anonymous_8)
FN:66,(anonymous_9)
FN:74,(anonymous_10)
FNF:11
FNH:2
FNDA:9,(anonymous_0)
FNDA:9,(anonymous_1)
FNDA:0,(anonymous_2)
FNDA:0,(anonymous_3)
FNDA:0,(anonymous_4)
FNDA:0,(anonymous_5)
FNDA:0,(anonymous_6)
FNDA:0,(anonymous_7)
FNDA:0,(anonymous_8)
FNDA:0,(anonymous_9)
FNDA:0,(anonymous_10)
DA:1,1
DA:2,1
DA:3,1
DA:4,1
DA:5,1
DA:7,1
DA:8,1
DA:9,1
DA:13,1
DA:14,9
DA:15,9
DA:16,0
DA:18,9
DA:22,0
DA:29,1
DA:35,0
DA:37,0
DA:39,0
DA:40,0
DA:41,0
DA:43,0
DA:47,0
DA:50,0
DA:51,0
DA:52,0
DA:53,0
DA:54,0
DA:55,0
DA:56,0
DA:58,0
DA:59,0
DA:60,0
DA:61,0
DA:66,0
DA:69,0
DA:75,0
DA:80,1
LF:37
LH:14
BRDA:15,0,0,0
BRDA:15,0,1,9
BRDA:37,1,0,0
BRDA:37,1,1,0
BRDA:59,2,0,0
BRDA:59,2,1,0
BRF:6
BRH:1
end_of_record
